<?xml version="1.0" encoding="UTF-8"?>
<testng-results ignored="0" total="0" passed="0" failed="0" skipped="0">
  <reporter-output>
  </reporter-output>
  <suite started-at="2023-11-03T12:42:39 IST" name="Default suite" finished-at="2023-11-03T12:42:39 IST" duration-ms="187">
    <groups>
      <group name="cucumber">
        <method signature="AbstractTestNGCucumberTests.runScenario(io.cucumber.testng.PickleWrapper,io.cucumber.testng.FeatureWrapper)[pri:0, instance:com.runner.registerTestNGRunner@206a70ef]" name="runScenario" class="io.cucumber.testng.AbstractTestNGCucumberTests"/>
      </group> <!-- cucumber -->
    </groups>
    <test started-at="2023-11-03T12:42:39 IST" name="Default test" finished-at="2023-11-03T12:42:39 IST" duration-ms="187">
      <class name="com.runner.registerTestNGRunner">
        <test-method is-config="true" signature="setUpClass(org.testng.ITestContext)[pri:0, instance:com.runner.registerTestNGRunner@206a70ef]" started-at="2023-11-03T12:42:39 IST" name="setUpClass" finished-at="2023-11-03T12:42:39 IST" duration-ms="152" status="PASS">
          <params>
            <param index="0">
              <value>
                <![CDATA[org.testng.TestRunner@1169afe1]]>
              </value>
            </param>
          </params>
          <reporter-output>
          </reporter-output>
        </test-method> <!-- setUpClass -->
        <test-method is-config="true" signature="tearDownClass()[pri:0, instance:com.runner.registerTestNGRunner@206a70ef]" started-at="2023-11-03T12:42:39 IST" name="tearDownClass" finished-at="2023-11-03T12:42:39 IST" duration-ms="3" status="PASS">
          <reporter-output>
          </reporter-output>
        </test-method> <!-- tearDownClass -->
      </class> <!-- com.runner.registerTestNGRunner -->
    </test> <!-- Default test -->
  </suite> <!-- Default suite -->
</testng-results>
